<?xml version="1.0" encoding="UTF-8" ?>
<testsuite errors="0" failures="0" hostname="samikbanerjee-p" name="org.TestCases.TestAddToCart" skipped="0" tests="1" time="18.524" timestamp="2015-08-10T02:20:22">
  <properties>
    <property name="java.vendor" value="Oracle Corporation" />
    <property name="env.MOZ_PLUGIN_PATH" value="C:\Program Files (x86)\Foxit Software\Foxit Reader\plugins\" />
    <property name="sun.java.launcher" value="SUN_STANDARD" />
    <property name="sun.management.compiler" value="HotSpot 64-Bit Tiered Compilers" />
    <property name="env.PROMPT" value="$P$G" />
    <property name="testclass.dir" value="bin" />
    <property name="os.name" value="Windows 7" />
    <property name="env.FP_NO_HOST_CHECK" value="NO" />
    <property name="sun.boot.class.path" value="C:\Program Files\Java\jdk1.8.0_25\jre\lib\resources.jar;C:\Program Files\Java\jdk1.8.0_25\jre\lib\rt.jar;C:\Program Files\Java\jdk1.8.0_25\jre\lib\sunrsasign.jar;C:\Program Files\Java\jdk1.8.0_25\jre\lib\jsse.jar;C:\Program Files\Java\jdk1.8.0_25\jre\lib\jce.jar;C:\Program Files\Java\jdk1.8.0_25\jre\lib\charsets.jar;C:\Program Files\Java\jdk1.8.0_25\jre\lib\jfr.jar;C:\Program Files\Java\jdk1.8.0_25\jre\classes" />
    <property name="env.COMPUTERNAME" value="SAMIKBANERJEE-P" />
    <property name="env.CommonProgramW6432" value="C:\Program Files\Common Files" />
    <property name="browserName" value="" />
    <property name="env.ALLUSERSPROFILE" value="C:\ProgramData" />
    <property name="sun.desktop" value="windows" />
    <property name="java.vm.specification.vendor" value="Oracle Corporation" />
    <property name="ant.home" value="E:\demodir\TestTemplate\apache-ant-1.9.1" />
    <property name="java.runtime.version" value="1.8.0_25-b18" />
    <property name="selectbrowser.name" value="" />
    <property name="env.HOMEPATH" value="\Users\samikbanerjee" />
    <property name="user.name" value="samikbanerjee" />
    <property name="driverPath" value="E:\demodir\TestTemplate\webdrivers" />
    <property name="user.language" value="en" />
    <property name="sun.boot.library.path" value="C:\Program Files\Java\jdk1.8.0_25\jre\bin" />
    <property name="ant.project.default-target" value="build" />
    <property name="webdriver.location" value="E:\demodir\TestTemplate\webdrivers" />
    <property name="java.version" value="1.8.0_25" />
    <property name="env.PROCESSOR_IDENTIFIER" value="Intel64 Family 6 Model 60 Stepping 3, GenuineIntel" />
    <property name="user.timezone" value="America/Los_Angeles" />
    <property name="env.TEMP" value="C:\Users\SAMIKB~1\AppData\Local\Temp" />
    <property name="sun.arch.data.model" value="64" />
    <property name="java.endorsed.dirs" value="C:\Program Files\Java\jdk1.8.0_25\jre\lib\endorsed" />
    <property name="env._JAVACMD" value="C:\Program Files\Java\jdk1.8.0_25\bin\java.exe" />
    <property name="sun.cpu.isalist" value="amd64" />
    <property name="env.HOMEDRIVE" value="C:" />
    <property name="sun.jnu.encoding" value="Cp1252" />
    <property name="file.encoding.pkg" value="sun.io" />
    <property name="file.separator" value="\" />
    <property name="java.specification.name" value="Java Platform API Specification" />
    <property name="java.class.version" value="52.0" />
    <property name="user.country" value="US" />
    <property name="java.home" value="C:\Program Files\Java\jdk1.8.0_25\jre" />
    <property name="env.PSModulePath" value="C:\Windows\system32\WindowsPowerShell\v1.0\Modules\" />
    <property name="env.APPDATA" value="C:\Users\samikbanerjee\AppData\Roaming" />
    <property name="env.PUBLIC" value="C:\Users\Public" />
    <property name="java.vm.info" value="mixed mode" />
    <property name="env.ComSpec" value="C:\Windows\system32\cmd.exe" />
    <property name="env.OS" value="Windows_NT" />
    <property name="env.CommonProgramFiles" value="C:\Program Files\Common Files" />
    <property name="ant.file" value="E:\demodir\TestTemplate\build.xml" />
    <property name="os.version" value="6.1" />
    <property name="env.ProgramW6432" value="C:\Program Files" />
    <property name="env._USE_CLASSPATH" value="no" />
    <property name="env.=::" value="::\" />
    <property name="path.separator" value=";" />
    <property name="java.vm.version" value="25.25-b02" />
    <property name="user.variant" value="" />
    <property name="env.USERPROFILE" value="C:\Users\samikbanerjee" />
    <property name="ant.library.dir" value="E:\demodir\TestTemplate\apache-ant-1.9.1\lib" />
    <property name="junit.output.dir" value="junit" />
    <property name="env.JAVA_HOME" value="C:\Program Files\Java\jdk1.8.0_25" />
    <property name="java.awt.printerjob" value="sun.awt.windows.WPrinterJob" />
    <property name="env.TMP" value="C:\Users\SAMIKB~1\AppData\Local\Temp" />
    <property name="sun.io.unicode.encoding" value="UnicodeLittle" />
    <property name="test.report.title" value="Your Smoke Tests" />
    <property name="awt.toolkit" value="sun.awt.windows.WToolkit" />
    <property name="sun.stdout.encoding" value="cp437" />
    <property name="user.script" value="" />
    <property name="user.home" value="C:\Users\samikbanerjee" />
    <property name="target" value="1.7" />
    <property name="env.ProgramData" value="C:\ProgramData" />
    <property name="env.SESSIONNAME" value="Console" />
    <property name="env.ProgramFiles(x86)" value="C:\Program Files (x86)" />
    <property name="java.specification.vendor" value="Oracle Corporation" />
    <property name="java.vendor.url" value="http://java.oracle.com/" />
    <property name="env.NUMBER_OF_PROCESSORS" value="8" />
    <property name="java.library.path" value="C:\Program Files\Java\jdk1.8.0_25\jre\bin;C:\Windows\Sun\Java\bin;C:\Windows\system32;C:\Windows;E:\demodir\TestTemplate\apache-ant-1.9.1\bin;C:\ProgramData\Oracle\Java\javapath;C:\Windows\system32;C:\Windows;C:\Windows\System32\Wbem;C:\Windows\System32\WindowsPowerShell\v1.0\;C:\Program Files\Intel\WiFi\bin\;C:\Program Files\Common Files\Intel\WirelessCommon\;C:\Program Files (x86)\Skype\Phone\;C:\Program Files (x86)\NVIDIA Corporation\PhysX\Common;C:\Program Files\Intel\WiFi\bin\;C:\Program Files\Common Files\Intel\WirelessCommon\;C:\Program Files\Java\jdk1.8.0_25\bin;." />
    <property name="java.vm.vendor" value="Oracle Corporation" />
    <property name="testclass.pattern" value="Test" />
    <property name="java.runtime.name" value="Java(TM) SE Runtime Environment" />
    <property name="env.=E:" value="E:\demodir\TestTemplate" />
    <property name="ant.version" value="Apache Ant(TM) version 1.9.1 compiled on May 15 2013" />
    <property name="java.class.path" value="E:\demodir\TestTemplate\bin;E:\demodir\TestTemplate\TestFrameworkLibs\Automation_Libs-0.0.2-SNAPSHOT.jar;E:\demodir\TestTemplate\TestFrameworkLibs\cglib-nodep-2.1_3.jar;E:\demodir\TestTemplate\TestFrameworkLibs\commons-codec-1.9.jar;E:\demodir\TestTemplate\TestFrameworkLibs\commons-collections-3.2.1.jar;E:\demodir\TestTemplate\TestFrameworkLibs\commons-exec-1.1.jar;E:\demodir\TestTemplate\TestFrameworkLibs\commons-io-2.4.jar;E:\demodir\TestTemplate\TestFrameworkLibs\commons-lang3-3.3.2.jar;E:\demodir\TestTemplate\TestFrameworkLibs\commons-logging-1.2.jar;E:\demodir\TestTemplate\TestFrameworkLibs\cssparser-0.9.14.jar;E:\demodir\TestTemplate\TestFrameworkLibs\gson-2.3.1.jar;E:\demodir\TestTemplate\TestFrameworkLibs\guava-18.0.jar;E:\demodir\TestTemplate\TestFrameworkLibs\hamcrest-core-1.3.jar;E:\demodir\TestTemplate\TestFrameworkLibs\htmlunit-2.15.jar;E:\demodir\TestTemplate\TestFrameworkLibs\htmlunit-core-js-2.15.jar;E:\demodir\TestTemplate\TestFrameworkLibs\httpclient-4.4.1.jar;E:\demodir\TestTemplate\TestFrameworkLibs\httpcore-4.4.1.jar;E:\demodir\TestTemplate\TestFrameworkLibs\httpmime-4.3.3.jar;E:\demodir\TestTemplate\TestFrameworkLibs\jetty-http-8.1.15.v20140411.jar;E:\demodir\TestTemplate\TestFrameworkLibs\jetty-io-8.1.15.v20140411.jar;E:\demodir\TestTemplate\TestFrameworkLibs\jetty-util-8.1.15.v20140411.jar;E:\demodir\TestTemplate\TestFrameworkLibs\jetty-websocket-8.1.15.v20140411.jar;E:\demodir\TestTemplate\TestFrameworkLibs\jna-3.4.0.jar;E:\demodir\TestTemplate\TestFrameworkLibs\junit-4.12.jar;E:\demodir\TestTemplate\TestFrameworkLibs\nekohtml-1.9.21.jar;E:\demodir\TestTemplate\TestFrameworkLibs\netty-3.5.2.Final.jar;E:\demodir\TestTemplate\TestFrameworkLibs\opencsv-3.3.jar;E:\demodir\TestTemplate\TestFrameworkLibs\platform-3.4.0.jar;E:\demodir\TestTemplate\TestFrameworkLibs\poi-3.11.jar;E:\demodir\TestTemplate\TestFrameworkLibs\poi-ooxml-3.11.jar;E:\demodir\TestTemplate\TestFrameworkLibs\poi-ooxml-schemas-3.11.jar;E:\demodir\TestTemplate\TestFrameworkLibs\sac-1.3.jar;E:\demodir\TestTemplate\TestFrameworkLibs\selenium-api-2.45.0.jar;E:\demodir\TestTemplate\TestFrameworkLibs\selenium-chrome-driver-2.45.0.jar;E:\demodir\TestTemplate\TestFrameworkLibs\selenium-firefox-driver-2.45.0.jar;E:\demodir\TestTemplate\TestFrameworkLibs\selenium-htmlunit-driver-2.45.0.jar;E:\demodir\TestTemplate\TestFrameworkLibs\selenium-ie-driver-2.45.0.jar;E:\demodir\TestTemplate\TestFrameworkLibs\selenium-java-2.45.0.jar;E:\demodir\TestTemplate\TestFrameworkLibs\selenium-leg-rc-2.45.0.jar;E:\demodir\TestTemplate\TestFrameworkLibs\selenium-remote-driver-2.45.0.jar;E:\demodir\TestTemplate\TestFrameworkLibs\selenium-safari-driver-2.45.0.jar;E:\demodir\TestTemplate\TestFrameworkLibs\selenium-support-2.45.0.jar;E:\demodir\TestTemplate\TestFrameworkLibs\serializer-2.7.1.jar;E:\demodir\TestTemplate\TestFrameworkLibs\stax-api-1.0.1.jar;E:\demodir\TestTemplate\TestFrameworkLibs\TestFrameworkLibs.jar;E:\demodir\TestTemplate\TestFrameworkLibs\webbit-0.4.14.jar;E:\demodir\TestTemplate\TestFrameworkLibs\xalan-2.7.1.jar;E:\demodir\TestTemplate\TestFrameworkLibs\xercesImpl-2.11.0.jar;E:\demodir\TestTemplate\TestFrameworkLibs\xml-apis-1.4.01.jar;E:\demodir\TestTemplate\TestFrameworkLibs\xmlbeans-2.6.0.jar;E:\demodir\TestTemplate\TestFrameworkLibs\apache-log4j-2.3-bin\apache-log4j-2.3-bin\log4j-core-2.3.jar;E:\demodir\TestTemplate\TestFrameworkLibs\apache-log4j-2.3-bin\apache-log4j-2.3-bin\log4j-api-2.3.jar;E:\demodir\TestTemplate\apache-ant-1.9.1\lib\ant-launcher.jar;E:\demodir\TestTemplate\apache-ant-1.9.1\lib\ant.jar;E:\demodir\TestTemplate\apache-ant-1.9.1\lib\ant-junit.jar;E:\demodir\TestTemplate\apache-ant-1.9.1\lib\ant-junit4.jar" />
    <property name="sun.java.command" value="org.apache.tools.ant.taskdefs.optional.junit.JUnitTestRunner org.TestCases.TestAddToCart filtertrace=true haltOnError=false haltOnFailure=false formatter=org.apache.tools.ant.taskdefs.optional.junit.OutErrSummaryJUnitResultFormatter showoutput=false outputtoformatters=true logfailedtests=true logtestlistenerevents=false formatter=org.apache.tools.ant.taskdefs.optional.junit.XMLJUnitResultFormatter,E:\demodir\TestTemplate\junit\TEST-org.TestCases.TestAddToCart.xml crashfile=E:\demodir\TestTemplate\junitvmwatcher229518319704031993.properties propsfile=E:\demodir\TestTemplate\junit1301650280093427652.properties" />
    <property name="env.ANT_OPTS" value="-Xmx200m -XX:MaxPermSize=128M" />
    <property name="java.vm.specification.name" value="Java Virtual Machine Specification" />
    <property name="ant.file.type" value="file" />
    <property name="env.windir" value="C:\Windows" />
    <property name="env.LOGONSERVER" value="\\SAMIKBANERJEE-P" />
    <property name="env.PROCESSOR_ARCHITECTURE" value="AMD64" />
    <property name="java.vm.specification.version" value="1.8" />
    <property name="sun.os.patch.level" value="Service Pack 1" />
    <property name="sun.cpu.endian" value="little" />
    <property name="debuglevel" value="source,lines,vars" />
    <property name="env.ProgramFiles" value="C:\Program Files" />
    <property name="env.ANT_HOME" value="E:\demodir\TestTemplate\apache-ant-1.9.1" />
    <property name="env.PROCESSOR_REVISION" value="3c03" />
    <property name="java.io.tmpdir" value="C:\Users\SAMIKB~1\AppData\Local\Temp\" />
    <property name="env.CommonProgramFiles(x86)" value="C:\Program Files (x86)\Common Files" />
    <property name="java.vendor.url.bug" value="http://bugreport.sun.com/bugreport/" />
    <property name="env.SystemRoot" value="C:\Windows" />
    <property name="java.awt.graphicsenv" value="sun.awt.Win32GraphicsEnvironment" />
    <property name="os.arch" value="amd64" />
    <property name="env.ANT_CMD_LINE_ARGS" value=" TestSuite" />
    <property name="java.ext.dirs" value="C:\Program Files\Java\jdk1.8.0_25\jre\lib\ext;C:\Windows\Sun\Java\lib\ext" />
    <property name="env.LOCALAPPDATA" value="C:\Users\samikbanerjee\AppData\Local" />
    <property name="user.dir" value="E:\demodir\TestTemplate" />
    <property name="line.separator" value="&#xd;&#xa;" />
    <property name="java.vm.name" value="Java HotSpot(TM) 64-Bit Server VM" />
    <property name="env.PATHEXT" value=".COM;.EXE;.BAT;.CMD;.VBS;.VBE;.JS;.JSE;.WSF;.WSH;.MSC" />
    <property name="env.Path" value="E:\demodir\TestTemplate\apache-ant-1.9.1\bin;C:\ProgramData\Oracle\Java\javapath;C:\Windows\system32;C:\Windows;C:\Windows\System32\Wbem;C:\Windows\System32\WindowsPowerShell\v1.0\;C:\Program Files\Intel\WiFi\bin\;C:\Program Files\Common Files\Intel\WirelessCommon\;C:\Program Files (x86)\Skype\Phone\;C:\Program Files (x86)\NVIDIA Corporation\PhysX\Common;C:\Program Files\Intel\WiFi\bin\;C:\Program Files\Common Files\Intel\WirelessCommon\;C:\Program Files\Java\jdk1.8.0_25\bin" />
    <property name="basedir" value="E:\demodir\TestTemplate" />
    <property name="ant.java.version" value="1.8" />
    <property name="ant.core.lib" value="E:\demodir\TestTemplate\apache-ant-1.9.1\lib\ant.jar" />
    <property name="env.USERNAME" value="samikbanerjee" />
    <property name="source" value="1.7" />
    <property name="env.SystemDrive" value="C:" />
    <property name="file.encoding" value="Cp1252" />
    <property name="sun.stderr.encoding" value="cp437" />
    <property name="env.USERDOMAIN" value="samikbanerjee-p" />
    <property name="selectbrowser.driver.path" value="webdrivers" />
    <property name="java.specification.version" value="1.8" />
    <property name="env.=C:" value="C:\Users\samikbanerjee" />
    <property name="ant.project.invoked-targets" value="TestSuite" />
    <property name="env.PROCESSOR_LEVEL" value="6" />
    <property name="env.VBOX_MSI_INSTALL_PATH" value="E:\Virtual Machine\Program Files\" />
  </properties>
  <testcase classname="org.TestCases.TestAddToCart" name="testAddToCart" time="18.191" />
  <system-out><![CDATA[19:20:41.023 [main] INFO  org.TestCases.TestAddToCart - Added to Cart
]]></system-out>
  <system-err><![CDATA[]]></system-err>
</testsuite>
